<?xml version="1.0" encoding="UTF-8"?>
<testsuite xmlns:xsi="http://www.w3.org/2001/XMLSchema-instance" xsi:noNamespaceSchemaLocation="https://maven.apache.org/surefire/maven-surefire-plugin/xsd/surefire-test-report.xsd" name="SaveRestoreProjectsTest" time="0.037" tests="4" errors="0" skipped="0" failures="0">
  <properties>
[...]
</properties>
  <testcase name="test_Name" classname="SaveRestoreProjectsTest" time="0.019"/>
  <testcase name="test_NumberOfPC" classname="SaveRestoreProjectsTest" time="0.003"/>
  <testcase name="test_NumberOfVersions" classname="SaveRestoreProjectsTest" time="0.004"/>
  <testcase name="test_Directory" classname="SaveRestoreProjectsTest" time="0.006"/>
</testsuite>